2023-12-07T11:47:06.831956+0300 DEBUG __init__
2023-12-07T11:49:01.806866+0300 DEBUG __init__
2023-12-07T11:50:24.245996+0300 DEBUG __init__
2023-12-07T11:54:14.673045+0300 INFO Get response json b'{"serviceId": "a8606626-94b8-42ce-81ce-dd7670a820ce", "requestId": "be0c38a1-4a2a-43b8-b249-be5a644598dc", "requestType": "EPGU", "updateTimestamp": "2023-12-07 08:50:24.252594", "responseContent": {"serviceStatus": "2002", "caseNumber": "\xd0\x9b-1508", "attachments": [{"path": "/mnt/nfs/leveler/"}]}}'
2023-12-07T11:54:14.673045+0300 INFO Get response json b'{"serviceId": "a8606626-94b8-42ce-81ce-dd7670a820ce", "requestId": "be0c38a1-4a2a-43b8-b249-be5a644598dc", "requestType": "EPGU", "updateTimestamp": "2023-12-07 08:50:24.252594", "responseContent": {"serviceStatus": "2002", "caseNumber": "\xd0\x9b-1508", "attachments": [{"path": "/mnt/nfs/leveler/"}]}}'
2023-12-07T11:54:14.673475+0300 DEBUG Start send message to Kafka
2023-12-07T11:54:14.673475+0300 DEBUG Start send message to Kafka
2023-12-07T11:54:14.685294+0300 DEBUG start produce function
2023-12-07T11:54:14.685294+0300 DEBUG start produce function
2023-12-07T11:54:14.685837+0300 INFO Message: b'{"serviceId": "a8606626-94b8-42ce-81ce-dd7670a820ce", "requestId": "be0c38a1-4a2a-43b8-b249-be5a644598dc", "requestType": "EPGU", "updateTimestamp": "2023-12-07 08:50:24.252594", "responseContent": {"serviceStatus": "2002", "caseNumber": "\xd0\x9b-1508", "attachments": [{"path": "/mnt/nfs/leveler/"}]}}' was recieved to kafka topic: test
2023-12-07T11:54:14.685837+0300 INFO Message: b'{"serviceId": "a8606626-94b8-42ce-81ce-dd7670a820ce", "requestId": "be0c38a1-4a2a-43b8-b249-be5a644598dc", "requestType": "EPGU", "updateTimestamp": "2023-12-07 08:50:24.252594", "responseContent": {"serviceStatus": "2002", "caseNumber": "\xd0\x9b-1508", "attachments": [{"path": "/mnt/nfs/leveler/"}]}}' was recieved to kafka topic: test
2023-12-07T11:54:14.686061+0300 DEBUG Flushing...
2023-12-07T11:54:14.686061+0300 DEBUG Flushing...
2023-12-07T11:54:44.691783+0300 DEBUG Message send to kafka
2023-12-07T11:54:44.691783+0300 DEBUG Message send to kafka
2023-12-07T11:54:44.692077+0300 DEBUG Goodbye! Have a nice day)
2023-12-07T11:54:44.692077+0300 DEBUG Goodbye! Have a nice day)
2023-12-07T17:33:42.647796+0300 DEBUG __init__
2023-12-07T17:35:30.596377+0300 DEBUG __init__
2023-12-07T17:36:48.179843+0300 DEBUG __init__
